<?xml version="1.0" encoding="UTF-8"?>
<!-- Generated by org.testng.reporters.JUnitXMLReporter -->
<testsuite hostname="DESKTOP-G8DHOP2" ignored="0" name="Default test" tests="5" failures="0" timestamp="26 Feb 2018 21:34:12 GMT" time="63.665" errors="0">
  <testcase name="assertAscendantOrder" time="47.458" classname="com.belatrix.selenium.SeleniumTest.EbayTest"/>
  <testcase name="firstFiveProducts" time="0.001" classname="com.belatrix.selenium.SeleniumTest.EbayTest"/>
  <testcase name="numberOfResults" time="0.038" classname="com.belatrix.selenium.SeleniumTest.EbayTest"/>
  <testcase name="orderByName" time="0.001" classname="com.belatrix.selenium.SeleniumTest.EbayTest"/>
  <testcase name="orderByPriceDesc" time="0.002" classname="com.belatrix.selenium.SeleniumTest.EbayTest"/>
</testsuite> <!-- Default test -->
